2023-04-02 22:04:23.449437 - Initialized conversion of CBT126
2023-04-02 22:04:23.709212 - Received CBT.V504.FILE126.PDS from FILE126.XMI 
2023-04-02 22:04:23.712017 - Found $$$#DATE.txt (text/plain) in CBT.V504.FILE126.PDS, moved to PDS/$$$#DATE
2023-04-02 22:04:23.713225 - Found $$$420.txt (text/plain) in CBT.V504.FILE126.PDS, moved to PDS/$$$420
2023-04-02 22:04:23.714414 - Found $$DOC.txt (text/plain) in CBT.V504.FILE126.PDS, moved to PDS/$$DOC
2023-04-02 22:04:23.715807 - Found $MODS220.txt (text/plain) in CBT.V504.FILE126.PDS, moved to PDS/$MODS220
2023-04-02 22:04:23.716975 - Found $USERCBS.txt (text/plain) in CBT.V504.FILE126.PDS, moved to PDS/$USERCBS
2023-04-02 22:04:23.717943 - Found @FILE126.txt (text/plain) in CBT.V504.FILE126.PDS, moved to PDS/@FILE126
2023-04-02 22:04:23.718878 - Found @SMC3PO.jcl (text/plain) in CBT.V504.FILE126.PDS, moved to PDS/@SMC3PO
2023-04-02 22:04:23.719854 - Found @SMEXIT4.jcl (text/plain) in CBT.V504.FILE126.PDS, moved to PDS/@SMEXIT4
2023-04-02 22:04:23.720734 - Found @SMEXIT7.jcl (text/plain) in CBT.V504.FILE126.PDS, moved to PDS/@SMEXIT7
2023-04-02 22:04:23.721607 - Found @SMEXIT8.jcl (text/plain) in CBT.V504.FILE126.PDS, moved to PDS/@SMEXIT8
2023-04-02 22:04:23.722457 - Found @SMVMXIT.jcl (text/plain) in CBT.V504.FILE126.PDS, moved to PDS/@SMVMXIT
2023-04-02 22:04:23.723349 - Found @SM0025B.jcl (text/plain) in CBT.V504.FILE126.PDS, moved to PDS/@SM0025B
2023-04-02 22:04:23.724210 - Found @ZAPRDPS.jcl (text/plain) in CBT.V504.FILE126.PDS, moved to PDS/@ZAPRDPS
2023-04-02 22:04:23.725063 - Found C3POTBL.txt (text/plain) in CBT.V504.FILE126.PDS, moved to PDS/C3POTBL
2023-04-02 22:04:23.725932 - Found HASPXJ04.txt (text/plain) in CBT.V504.FILE126.PDS, moved to PDS/HASPXJ04
2023-04-02 22:04:23.726841 - Found HASPXJ07.txt (text/plain) in CBT.V504.FILE126.PDS, moved to PDS/HASPXJ07
2023-04-02 22:04:23.728054 - Found HASPXS08.txt (text/plain) in CBT.V504.FILE126.PDS, moved to PDS/HASPXS08
2023-04-02 22:04:23.729049 - Found IEASVC00.txt (text/plain) in CBT.V504.FILE126.PDS, moved to PDS/IEASVC00
2023-04-02 22:04:23.729973 - Found IEAVMXIT.txt (text/plain) in CBT.V504.FILE126.PDS, moved to PDS/IEAVMXIT
2023-04-02 22:04:23.730908 - Found IEBCOPY.jcl (text/plain) in CBT.V504.FILE126.PDS, moved to PDS/IEBCOPY
2023-04-02 22:04:23.731843 - Found IEEC3PO.txt (text/plain) in CBT.V504.FILE126.PDS, moved to PDS/IEEC3PO
2023-04-02 22:04:23.732727 - Found IGC0025B.txt (text/plain) in CBT.V504.FILE126.PDS, moved to PDS/IGC0025B
2023-04-02 22:04:23.733598 - Found JES2PARM.txt (text/plain) in CBT.V504.FILE126.PDS, moved to PDS/JES2PARM
2023-04-02 22:04:23.734524 - Found KEYSCAN.txt (text/plain) in CBT.V504.FILE126.PDS, moved to PDS/KEYSCAN
2023-04-02 22:04:23.735444 - Found KEYT.txt (text/plain) in CBT.V504.FILE126.PDS, moved to PDS/KEYT
2023-04-02 22:04:23.736641 - Found LLB0007.txt (text/plain) in CBT.V504.FILE126.PDS, moved to PDS/LLB0007
2023-04-02 22:04:23.737584 - Found MSGENT.txt (text/plain) in CBT.V504.FILE126.PDS, moved to PDS/MSGENT
2023-04-02 22:04:23.738460 - Found WTOR.jcl (text/plain) in CBT.V504.FILE126.PDS, moved to PDS/WTOR
